<?xml version="1.0" encoding="UTF-8"?>
<!-- Generated by org.testng.reporters.JUnitReportReporter -->
<testsuite hostname="Maruf" name="testCall.CallTest" tests="1" failures="0" timestamp="2 Jun 2014 03:03:46 GMT" time="12.289" errors="0">
  <testcase name="readYml" time="12.289" classname="testCall.CallTest"/>
</testsuite> <!-- testCall.CallTest -->
