<?xml version="1.0" encoding="UTF-8"?>
<!-- Generated by org.testng.reporters.JUnitReportReporter -->
<testsuite hostname="Maruf" name="testCall.CallTest" tests="1" failures="0" timestamp="2 Jun 2014 03:17:24 GMT" time="10.675" errors="0">
  <testcase name="readYml" time="10.675" classname="testCall.CallTest"/>
</testsuite> <!-- testCall.CallTest -->
