<?xml version="1.0" encoding="UTF-8"?>
<!-- Generated by org.testng.reporters.JUnitReportReporter -->
<testsuite hostname="Maruf" name="testCall.CallTest" tests="1" failures="0" timestamp="2 Jun 2014 03:07:22 GMT" time="11.790" errors="0">
  <testcase name="readYml" time="11.790" classname="testCall.CallTest"/>
</testsuite> <!-- testCall.CallTest -->
